mode: set
typing-speed/internals/adapter/external/sendmail/sendmail.go:20.50,25.2 1 0
typing-speed/internals/adapter/external/sendmail/sendmail.go:27.65,36.41 7 0
typing-speed/internals/adapter/external/sendmail/sendmail.go:36.41,38.3 1 0
typing-speed/internals/adapter/external/sendmail/sendmail.go:40.2,40.12 1 0
typing-speed/cmd/server/main.go:23.13,25.12 2 0
typing-speed/cmd/server/main.go:25.12,26.26 1 0
typing-speed/cmd/server/main.go:26.26,28.4 1 0
typing-speed/cmd/server/main.go:31.2,33.15 3 0
typing-speed/cmd/server/main.go:33.15,43.17 2 0
typing-speed/cmd/server/main.go:43.17,46.4 2 0
typing-speed/cmd/server/main.go:48.2,49.16 2 0
typing-speed/cmd/server/main.go:49.16,52.3 2 0
typing-speed/cmd/server/main.go:53.2,68.12 9 0
typing-speed/cmd/server/main.go:68.12,70.77 2 0
typing-speed/cmd/server/main.go:70.77,72.4 1 0
typing-speed/cmd/server/main.go:75.2,83.42 7 0
typing-speed/cmd/server/main.go:83.42,85.3 1 0
typing-speed/cmd/server/main.go:87.2,87.45 1 0
typing-speed/internals/interface/rest/api/routes.go:11.55,15.31 2 0
typing-speed/internals/interface/rest/api/routes.go:15.31,18.19 2 0
typing-speed/internals/interface/rest/api/routes.go:18.19,23.4 4 0
typing-speed/internals/interface/rest/api/routes.go:25.3,25.36 1 0
typing-speed/internals/interface/rest/api/routes.go:25.36,28.4 2 0
typing-speed/internals/interface/rest/api/routes.go:30.3,30.11 1 0
typing-speed/internals/interface/rest/api/routes.go:34.2,53.12 15 0
typing-speed/internals/interface/rest/api/handler/handle_error.go:13.91,18.9 3 0
typing-speed/internals/interface/rest/api/handler/handle_error.go:19.45,26.5 3 0
typing-speed/internals/interface/rest/api/handler/handle_error.go:28.43,35.5 3 0
typing-speed/internals/interface/rest/api/handler/handle_error.go:37.49,44.5 3 0
typing-speed/internals/interface/rest/api/handler/handle_error.go:46.51,53.5 3 0
typing-speed/internals/interface/rest/api/handler/handle_error.go:55.53,62.5 3 0
typing-speed/internals/interface/rest/api/handler/handle_error.go:64.10,71.5 3 0
typing-speed/internals/interface/rest/api/handler/typing.go:21.96,27.2 1 0
typing-speed/internals/interface/rest/api/handler/typing.go:34.53,38.15 4 0
typing-speed/internals/interface/rest/api/handler/typing.go:38.15,39.31 1 0
typing-speed/internals/interface/rest/api/handler/typing.go:39.31,50.4 5 0
typing-speed/internals/interface/rest/api/handler/typing.go:54.2,60.16 6 0
typing-speed/internals/interface/rest/api/handler/typing.go:60.16,72.3 7 0
typing-speed/internals/interface/rest/api/handler/typing.go:74.2,77.15 3 0
typing-speed/internals/interface/rest/api/handler/typing.go:77.15,82.3 4 0
typing-speed/internals/interface/rest/api/handler/typing.go:83.2,92.4 6 0
typing-speed/internals/interface/rest/api/handler/typing.go:96.62,100.15 4 0
typing-speed/internals/interface/rest/api/handler/typing.go:100.15,101.31 1 0
typing-speed/internals/interface/rest/api/handler/typing.go:101.31,112.4 5 0
typing-speed/internals/interface/rest/api/handler/typing.go:115.2,123.16 6 0
typing-speed/internals/interface/rest/api/handler/typing.go:123.16,128.3 4 0
typing-speed/internals/interface/rest/api/handler/typing.go:130.2,130.14 1 0
typing-speed/internals/interface/rest/api/handler/typing.go:130.14,132.3 1 0
typing-speed/internals/interface/rest/api/handler/typing.go:134.2,144.4 7 0
typing-speed/internals/interface/rest/api/handler/typing.go:147.51,151.15 4 0
typing-speed/internals/interface/rest/api/handler/typing.go:151.15,152.31 1 0
typing-speed/internals/interface/rest/api/handler/typing.go:152.31,163.4 5 0
typing-speed/internals/interface/rest/api/handler/typing.go:167.2,179.4 9 0
typing-speed/internals/interface/rest/api/handler/user.go:15.48,17.15 2 0
typing-speed/internals/interface/rest/api/handler/user.go:17.15,18.31 1 0
typing-speed/internals/interface/rest/api/handler/user.go:18.31,28.4 5 0
typing-speed/internals/interface/rest/api/handler/user.go:32.2,36.16 5 0
typing-speed/internals/interface/rest/api/handler/user.go:36.16,48.3 7 0
typing-speed/internals/interface/rest/api/handler/user.go:50.2,51.15 2 0
typing-speed/internals/interface/rest/api/handler/user.go:51.15,56.3 4 0
typing-speed/internals/interface/rest/api/handler/user.go:57.2,66.4 6 0
typing-speed/internals/interface/rest/api/handler/user.go:70.45,74.15 4 0
typing-speed/internals/interface/rest/api/handler/user.go:74.15,75.31 1 0
typing-speed/internals/interface/rest/api/handler/user.go:75.31,86.4 5 0
typing-speed/internals/interface/rest/api/handler/user.go:89.2,93.16 5 0
typing-speed/internals/interface/rest/api/handler/user.go:93.16,105.3 7 0
typing-speed/internals/interface/rest/api/handler/user.go:107.2,108.15 2 0
typing-speed/internals/interface/rest/api/handler/user.go:108.15,113.3 4 0
typing-speed/internals/interface/rest/api/handler/user.go:114.2,121.13 3 0
typing-speed/internals/interface/rest/api/handler/user.go:121.13,126.3 4 0
typing-speed/internals/interface/rest/api/handler/user.go:128.2,129.13 2 0
typing-speed/internals/interface/rest/api/handler/user.go:129.13,134.3 4 0
typing-speed/internals/interface/rest/api/handler/user.go:135.2,149.4 10 0
typing-speed/internals/interface/rest/api/handler/user.go:153.50,157.15 4 0
typing-speed/internals/interface/rest/api/handler/user.go:157.15,158.31 1 0
typing-speed/internals/interface/rest/api/handler/user.go:158.31,169.4 5 0
typing-speed/internals/interface/rest/api/handler/user.go:173.2,175.16 3 0
typing-speed/internals/interface/rest/api/handler/user.go:175.16,187.3 7 0
typing-speed/internals/interface/rest/api/handler/user.go:189.2,190.15 2 0
typing-speed/internals/interface/rest/api/handler/user.go:190.15,195.3 4 0
typing-speed/internals/interface/rest/api/handler/user.go:196.2,207.4 7 0
typing-speed/internals/interface/rest/api/handler/user.go:211.54,215.15 4 0
typing-speed/internals/interface/rest/api/handler/user.go:215.15,216.31 1 0
typing-speed/internals/interface/rest/api/handler/user.go:216.31,227.4 5 0
typing-speed/internals/interface/rest/api/handler/user.go:230.2,236.16 5 0
typing-speed/internals/interface/rest/api/handler/user.go:236.16,241.3 4 0
typing-speed/internals/interface/rest/api/handler/user.go:242.2,242.14 1 0
typing-speed/internals/interface/rest/api/handler/user.go:242.14,244.3 1 0
typing-speed/internals/interface/rest/api/handler/user.go:246.2,256.4 7 0
typing-speed/internals/interface/rest/api/handler/user.go:259.55,263.15 4 0
typing-speed/internals/interface/rest/api/handler/user.go:263.15,264.31 1 0
typing-speed/internals/interface/rest/api/handler/user.go:264.31,275.4 5 0
typing-speed/internals/interface/rest/api/handler/user.go:278.2,281.16 3 0
typing-speed/internals/interface/rest/api/handler/user.go:281.16,286.3 4 0
typing-speed/internals/interface/rest/api/handler/user.go:288.2,289.14 2 0
typing-speed/internals/interface/rest/api/handler/user.go:289.14,291.3 1 0
typing-speed/internals/interface/rest/api/handler/user.go:293.2,303.4 7 0
typing-speed/internals/interface/rest/api/handler/user.go:306.59,310.15 4 0
typing-speed/internals/interface/rest/api/handler/user.go:310.15,311.31 1 0
typing-speed/internals/interface/rest/api/handler/user.go:311.31,322.4 5 0
typing-speed/internals/interface/rest/api/handler/user.go:325.2,328.16 3 0
typing-speed/internals/interface/rest/api/handler/user.go:328.16,333.3 4 0
typing-speed/internals/interface/rest/api/handler/user.go:334.2,334.14 1 0
typing-speed/internals/interface/rest/api/handler/user.go:334.14,336.3 1 0
typing-speed/internals/interface/rest/api/handler/user.go:338.2,348.4 7 0
typing-speed/internals/usecase/user/user.go:19.89,24.2 1 0
typing-speed/internals/usecase/user/user.go:27.100,31.76 3 0
typing-speed/internals/usecase/user/user.go:31.76,35.3 3 0
typing-speed/internals/usecase/user/user.go:37.2,38.16 2 0
typing-speed/internals/usecase/user/user.go:38.16,42.3 3 0
typing-speed/internals/usecase/user/user.go:43.2,43.17 1 0
typing-speed/internals/usecase/user/user.go:43.17,47.3 3 0
typing-speed/internals/usecase/user/user.go:49.2,50.16 2 0
typing-speed/internals/usecase/user/user.go:50.16,54.3 3 0
typing-speed/internals/usecase/user/user.go:55.2,58.16 3 0
typing-speed/internals/usecase/user/user.go:58.16,62.3 3 0
typing-speed/internals/usecase/user/user.go:64.2,66.12 2 0
typing-speed/internals/usecase/user/user.go:70.117,73.53 2 0
typing-speed/internals/usecase/user/user.go:73.53,77.3 3 0
typing-speed/internals/usecase/user/user.go:79.2,80.16 2 0
typing-speed/internals/usecase/user/user.go:80.16,84.3 3 0
typing-speed/internals/usecase/user/user.go:86.2,86.17 1 0
typing-speed/internals/usecase/user/user.go:86.17,90.3 3 0
typing-speed/internals/usecase/user/user.go:92.2,92.78 1 0
typing-speed/internals/usecase/user/user.go:92.78,96.3 3 0
typing-speed/internals/usecase/user/user.go:98.2,99.16 2 0
typing-speed/internals/usecase/user/user.go:99.16,103.3 3 0
typing-speed/internals/usecase/user/user.go:105.2,106.16 2 0
typing-speed/internals/usecase/user/user.go:106.16,110.3 3 0
typing-speed/internals/usecase/user/user.go:112.2,122.27 2 0
typing-speed/internals/usecase/user/user.go:126.118,130.86 3 0
typing-speed/internals/usecase/user/user.go:130.86,131.54 1 0
typing-speed/internals/usecase/user/user.go:131.54,133.4 1 0
typing-speed/internals/usecase/user/user.go:134.3,134.34 1 0
typing-speed/internals/usecase/user/user.go:137.2,137.16 1 0
typing-speed/internals/usecase/user/user.go:137.16,141.3 3 0
typing-speed/internals/usecase/user/user.go:143.2,144.16 2 0
typing-speed/internals/usecase/user/user.go:144.16,148.3 3 0
typing-speed/internals/usecase/user/user.go:150.2,151.16 2 0
typing-speed/internals/usecase/user/user.go:151.16,155.3 3 0
typing-speed/internals/usecase/user/user.go:157.2,157.42 1 0
typing-speed/internals/usecase/user/user.go:160.106,163.16 3 0
typing-speed/internals/usecase/user/user.go:163.16,167.3 3 0
typing-speed/internals/usecase/user/user.go:168.2,168.22 1 0
typing-speed/internals/usecase/user/user.go:172.103,175.16 3 0
typing-speed/internals/usecase/user/user.go:175.16,179.3 3 0
typing-speed/internals/usecase/user/user.go:180.2,180.18 1 0
typing-speed/internals/usecase/user/user.go:183.109,186.16 3 0
typing-speed/internals/usecase/user/user.go:186.16,190.3 3 0
typing-speed/internals/usecase/user/user.go:192.2,193.16 2 0
typing-speed/internals/usecase/user/user.go:193.16,197.3 3 0
typing-speed/internals/usecase/user/user.go:199.2,203.22 4 0
typing-speed/internals/usecase/typing/typing.go:22.123,28.2 1 0
typing-speed/internals/usecase/typing/typing.go:30.119,36.16 4 0
typing-speed/internals/usecase/typing/typing.go:36.16,40.3 3 0
typing-speed/internals/usecase/typing/typing.go:44.2,45.16 2 0
typing-speed/internals/usecase/typing/typing.go:45.16,49.3 3 0
typing-speed/internals/usecase/typing/typing.go:50.2,51.26 2 0
typing-speed/internals/usecase/typing/typing.go:51.26,53.3 1 0
typing-speed/internals/usecase/typing/typing.go:53.8,55.3 1 0
typing-speed/internals/usecase/typing/typing.go:56.2,58.38 3 0
typing-speed/internals/usecase/typing/typing.go:58.38,60.3 1 0
typing-speed/internals/usecase/typing/typing.go:61.2,68.16 5 0
typing-speed/internals/usecase/typing/typing.go:68.16,72.3 3 0
typing-speed/internals/usecase/typing/typing.go:74.2,74.12 1 0
typing-speed/internals/usecase/typing/typing.go:77.141,81.17 4 0
typing-speed/internals/usecase/typing/typing.go:81.17,83.17 2 0
typing-speed/internals/usecase/typing/typing.go:83.17,87.4 3 0
typing-speed/internals/usecase/typing/typing.go:89.2,91.16 3 0
typing-speed/internals/usecase/typing/typing.go:91.16,95.3 3 0
typing-speed/internals/usecase/typing/typing.go:96.2,96.18 1 0
typing-speed/internals/usecase/typing/typing.go:99.76,105.28 5 0
typing-speed/internals/usecase/typing/typing.go:105.28,109.3 2 0
typing-speed/internals/usecase/typing/typing.go:110.2,110.21 1 0
typing-speed/middleware/middleware.go:20.39,21.30 1 0
typing-speed/middleware/middleware.go:21.30,24.24 2 0
typing-speed/middleware/middleware.go:24.24,28.4 3 0
typing-speed/middleware/middleware.go:30.3,30.107 1 0
typing-speed/middleware/middleware.go:30.107,32.4 1 0
typing-speed/middleware/middleware.go:33.3,33.17 1 0
typing-speed/middleware/middleware.go:33.17,37.4 3 0
typing-speed/middleware/middleware.go:39.3,40.26 2 0
typing-speed/middleware/middleware.go:40.26,44.4 3 0
typing-speed/middleware/middleware.go:46.3,48.11 2 0
typing-speed/pkg/logs/logs.go:13.49,15.2 1 0
typing-speed/pkg/logs/logs.go:30.32,32.57 2 0
typing-speed/pkg/logs/logs.go:32.57,35.3 2 0
typing-speed/pkg/logs/logs.go:37.2,39.16 3 0
typing-speed/pkg/logs/logs.go:39.16,42.3 2 0
typing-speed/pkg/logs/logs.go:43.2,48.16 4 0
typing-speed/pkg/logs/logs.go:48.16,51.3 2 0
typing-speed/pkg/logs/logs.go:53.2,53.58 1 0
typing-speed/pkg/logs/logs.go:53.58,55.3 1 0
typing-speed/internals/core/user/helper.go:22.52,24.16 2 0
typing-speed/internals/core/user/helper.go:24.16,26.3 1 0
typing-speed/internals/core/user/helper.go:27.2,27.26 1 0
typing-speed/internals/core/user/helper.go:30.53,32.16 2 0
typing-speed/internals/core/user/helper.go:32.16,34.3 1 0
typing-speed/internals/core/user/helper.go:35.2,35.12 1 0
typing-speed/internals/core/user/helper.go:38.54,52.2 4 0
typing-speed/internals/core/user/helper.go:54.55,68.2 4 0
typing-speed/internals/core/user/helper.go:70.60,72.16 2 0
typing-speed/internals/core/user/helper.go:72.16,74.3 1 0
typing-speed/internals/core/user/helper.go:76.2,77.16 2 0
typing-speed/internals/core/user/helper.go:77.16,79.3 1 0
typing-speed/internals/core/user/helper.go:81.2,82.58 2 0
typing-speed/internals/core/user/helper.go:82.58,84.3 1 0
typing-speed/internals/core/user/helper.go:86.2,88.59 2 0
typing-speed/internals/core/user/helper.go:91.64,93.16 2 0
typing-speed/internals/core/user/helper.go:93.16,95.3 1 0
typing-speed/internals/core/user/helper.go:97.2,98.16 2 0
typing-speed/internals/core/user/helper.go:98.16,100.3 1 0
typing-speed/internals/core/user/helper.go:102.2,103.16 2 0
typing-speed/internals/core/user/helper.go:103.16,105.3 1 0
typing-speed/internals/core/user/helper.go:107.2,108.33 2 0
typing-speed/internals/core/user/helper.go:108.33,110.3 1 0
typing-speed/internals/core/user/helper.go:112.2,116.16 3 0
typing-speed/internals/core/user/helper.go:116.16,118.3 1 0
typing-speed/internals/core/user/helper.go:120.2,120.31 1 0
typing-speed/pkg/middleware/middleware.go:16.52,17.30 1 0
typing-speed/pkg/middleware/middleware.go:17.30,20.47 2 0
typing-speed/pkg/middleware/middleware.go:20.47,24.4 3 0
typing-speed/pkg/middleware/middleware.go:26.3,29.99 3 0
typing-speed/pkg/middleware/middleware.go:29.99,31.4 1 0
typing-speed/pkg/middleware/middleware.go:33.3,33.33 1 0
typing-speed/pkg/middleware/middleware.go:33.33,37.4 3 0
typing-speed/pkg/middleware/middleware.go:39.3,42.11 3 0
typing-speed/internals/adapter/persistence/connect.go:14.37,26.16 3 0
typing-speed/internals/adapter/persistence/connect.go:26.16,28.3 1 0
typing-speed/internals/adapter/persistence/connect.go:30.2,36.16 6 0
typing-speed/internals/adapter/persistence/connect.go:36.16,38.3 1 0
typing-speed/internals/adapter/persistence/connect.go:39.2,40.16 2 0
typing-speed/internals/adapter/persistence/typing.go:15.58,19.2 1 1
typing-speed/internals/adapter/persistence/typing.go:21.97,46.16 3 1
typing-speed/internals/adapter/persistence/typing.go:46.16,48.3 1 1
typing-speed/internals/adapter/persistence/typing.go:50.2,50.12 1 1
typing-speed/internals/adapter/persistence/typing.go:53.124,58.17 3 1
typing-speed/internals/adapter/persistence/typing.go:58.17,66.3 1 1
typing-speed/internals/adapter/persistence/typing.go:66.8,75.3 1 1
typing-speed/internals/adapter/persistence/typing.go:77.2,78.16 2 1
typing-speed/internals/adapter/persistence/typing.go:78.16,80.3 1 0
typing-speed/internals/adapter/persistence/typing.go:81.2,85.18 3 1
typing-speed/internals/adapter/persistence/typing.go:85.18,95.17 2 1
typing-speed/internals/adapter/persistence/typing.go:95.17,97.4 1 0
typing-speed/internals/adapter/persistence/typing.go:98.3,98.36 1 1
typing-speed/internals/adapter/persistence/typing.go:101.2,101.35 1 1
typing-speed/internals/adapter/persistence/typing.go:101.35,103.3 1 0
typing-speed/internals/adapter/persistence/typing.go:105.2,105.21 1 1
typing-speed/internals/adapter/persistence/user.go:16.56,20.2 1 1
typing-speed/internals/adapter/persistence/user.go:22.100,48.16 4 1
typing-speed/internals/adapter/persistence/user.go:48.16,49.36 1 1
typing-speed/internals/adapter/persistence/user.go:49.36,51.4 1 1
typing-speed/internals/adapter/persistence/user.go:52.3,52.18 1 0
typing-speed/internals/adapter/persistence/user.go:55.2,55.18 1 1
typing-speed/internals/adapter/persistence/user.go:59.85,66.16 3 1
typing-speed/internals/adapter/persistence/user.go:66.16,68.3 1 1
typing-speed/internals/adapter/persistence/user.go:70.2,70.12 1 1
typing-speed/internals/adapter/persistence/user.go:73.133,87.16 3 1
typing-speed/internals/adapter/persistence/user.go:87.16,89.3 1 1
typing-speed/internals/adapter/persistence/user.go:91.2,91.12 1 1
typing-speed/internals/adapter/persistence/user.go:94.97,98.16 3 1
typing-speed/internals/adapter/persistence/user.go:98.16,100.3 1 0
typing-speed/internals/adapter/persistence/user.go:101.2,105.18 3 1
typing-speed/internals/adapter/persistence/user.go:105.18,107.60 2 1
typing-speed/internals/adapter/persistence/user.go:107.60,109.4 1 0
typing-speed/internals/adapter/persistence/user.go:110.3,110.37 1 1
typing-speed/internals/adapter/persistence/user.go:113.2,113.35 1 1
typing-speed/internals/adapter/persistence/user.go:113.35,115.3 1 0
typing-speed/internals/adapter/persistence/user.go:117.2,117.24 1 1
typing-speed/internals/adapter/persistence/user.go:120.84,130.16 3 1
typing-speed/internals/adapter/persistence/user.go:130.16,132.3 1 0
typing-speed/internals/adapter/persistence/user.go:133.2,137.18 3 1
typing-speed/internals/adapter/persistence/user.go:137.18,155.17 3 1
typing-speed/internals/adapter/persistence/user.go:155.17,157.4 1 0
typing-speed/internals/adapter/persistence/user.go:159.3,159.27 1 1
typing-speed/internals/adapter/persistence/user.go:163.2,163.35 1 1
typing-speed/internals/adapter/persistence/user.go:163.35,165.3 1 0
typing-speed/internals/adapter/persistence/user.go:167.2,167.19 1 1
typing-speed/internals/adapter/persistence/user.go:170.103,184.19 6 1
typing-speed/internals/adapter/persistence/user.go:184.19,186.6 1 1
typing-speed/internals/adapter/persistence/user.go:188.5,194.21 2 1
