mode: set
typing-speed/internals/adapter/external/sendmail/sendmail.go:20.50,25.2 1 0
typing-speed/internals/adapter/external/sendmail/sendmail.go:27.65,36.41 7 0
typing-speed/internals/adapter/external/sendmail/sendmail.go:36.41,38.3 1 0
typing-speed/internals/adapter/external/sendmail/sendmail.go:40.2,40.12 1 0
typing-speed/main.go:24.13,26.12 2 0
typing-speed/main.go:26.12,27.26 1 0
typing-speed/main.go:27.26,29.4 1 0
typing-speed/main.go:32.2,40.16 4 0
typing-speed/main.go:40.16,43.3 2 0
typing-speed/main.go:44.2,56.16 9 0
typing-speed/main.go:56.16,58.3 1 0
typing-speed/main.go:59.2,64.12 2 0
typing-speed/main.go:64.12,66.77 2 0
typing-speed/main.go:66.77,68.4 1 0
typing-speed/main.go:71.2,79.42 7 0
typing-speed/main.go:79.42,81.3 1 0
typing-speed/main.go:83.2,83.45 1 0
typing-speed/internals/interface/rest/api/routes.go:15.55,20.45 2 0
typing-speed/internals/interface/rest/api/routes.go:20.45,24.4 1 0
typing-speed/internals/interface/rest/api/routes.go:32.2,34.44 2 0
typing-speed/internals/interface/rest/api/routes.go:34.44,39.3 1 0
typing-speed/internals/interface/rest/api/routes.go:41.2,58.12 14 0
typing-speed/internals/core/user/helper.go:22.52,24.16 2 0
typing-speed/internals/core/user/helper.go:24.16,26.3 1 0
typing-speed/internals/core/user/helper.go:27.2,27.26 1 0
typing-speed/internals/core/user/helper.go:30.53,32.16 2 0
typing-speed/internals/core/user/helper.go:32.16,34.3 1 0
typing-speed/internals/core/user/helper.go:35.2,35.12 1 0
typing-speed/internals/core/user/helper.go:38.54,52.2 4 0
typing-speed/internals/core/user/helper.go:54.55,68.2 4 0
typing-speed/internals/core/user/helper.go:70.60,72.16 2 0
typing-speed/internals/core/user/helper.go:72.16,74.3 1 0
typing-speed/internals/core/user/helper.go:76.2,77.16 2 0
typing-speed/internals/core/user/helper.go:77.16,79.3 1 0
typing-speed/internals/core/user/helper.go:81.2,82.58 2 0
typing-speed/internals/core/user/helper.go:82.58,84.3 1 0
typing-speed/internals/core/user/helper.go:86.2,88.59 2 0
typing-speed/internals/core/user/helper.go:91.64,93.16 2 0
typing-speed/internals/core/user/helper.go:93.16,95.3 1 0
typing-speed/internals/core/user/helper.go:97.2,98.16 2 0
typing-speed/internals/core/user/helper.go:98.16,100.3 1 0
typing-speed/internals/core/user/helper.go:102.2,103.16 2 0
typing-speed/internals/core/user/helper.go:103.16,105.3 1 0
typing-speed/internals/core/user/helper.go:107.2,108.33 2 0
typing-speed/internals/core/user/helper.go:108.33,110.3 1 0
typing-speed/internals/core/user/helper.go:112.2,116.16 3 0
typing-speed/internals/core/user/helper.go:116.16,118.3 1 0
typing-speed/internals/core/user/helper.go:120.2,120.31 1 0
typing-speed/internals/interface/rest/api/handler/handle_response.go:15.125,28.2 7 0
typing-speed/internals/interface/rest/api/handler/handle_response.go:31.118,44.2 6 0
typing-speed/internals/interface/rest/api/handler/handle_response.go:47.90,48.30 1 0
typing-speed/internals/interface/rest/api/handler/handle_response.go:48.30,61.3 7 0
typing-speed/internals/interface/rest/api/handler/handle_response.go:65.104,71.9 3 0
typing-speed/internals/interface/rest/api/handler/handle_response.go:72.45,74.35 2 0
typing-speed/internals/interface/rest/api/handler/handle_response.go:76.44,78.29 2 0
typing-speed/internals/interface/rest/api/handler/handle_response.go:80.49,82.35 2 0
typing-speed/internals/interface/rest/api/handler/handle_response.go:84.51,86.36 2 0
typing-speed/internals/interface/rest/api/handler/handle_response.go:88.53,90.38 2 0
typing-speed/internals/interface/rest/api/handler/handle_response.go:93.2,103.4 5 0
typing-speed/internals/interface/rest/api/handler/typing.go:20.96,26.2 1 0
typing-speed/internals/interface/rest/api/handler/typing.go:33.53,47.52 6 0
typing-speed/internals/interface/rest/api/handler/typing.go:47.52,51.3 3 0
typing-speed/internals/interface/rest/api/handler/typing.go:53.2,54.16 2 0
typing-speed/internals/interface/rest/api/handler/typing.go:54.16,57.3 2 0
typing-speed/internals/interface/rest/api/handler/typing.go:59.2,59.82 1 0
typing-speed/internals/interface/rest/api/handler/typing.go:62.62,77.16 7 0
typing-speed/internals/interface/rest/api/handler/typing.go:77.16,80.3 2 0
typing-speed/internals/interface/rest/api/handler/typing.go:82.2,82.17 1 0
typing-speed/internals/interface/rest/api/handler/typing.go:82.17,84.3 1 0
typing-speed/internals/interface/rest/api/handler/typing.go:86.2,86.80 1 0
typing-speed/internals/interface/rest/api/handler/typing.go:88.51,102.2 5 0
typing-speed/internals/interface/rest/api/handler/user.go:13.48,25.52 5 0
typing-speed/internals/interface/rest/api/handler/user.go:25.52,29.3 3 0
typing-speed/internals/interface/rest/api/handler/user.go:31.2,33.83 2 0
typing-speed/internals/interface/rest/api/handler/user.go:33.83,36.3 2 0
typing-speed/internals/interface/rest/api/handler/user.go:38.2,38.75 1 0
typing-speed/internals/interface/rest/api/handler/user.go:41.45,53.52 5 0
typing-speed/internals/interface/rest/api/handler/user.go:53.52,57.3 3 0
typing-speed/internals/interface/rest/api/handler/user.go:59.2,62.16 3 0
typing-speed/internals/interface/rest/api/handler/user.go:62.16,65.3 2 0
typing-speed/internals/interface/rest/api/handler/user.go:68.2,79.3 2 0
typing-speed/internals/interface/rest/api/handler/user.go:82.52,93.16 5 0
typing-speed/internals/interface/rest/api/handler/user.go:93.16,96.3 2 0
typing-speed/internals/interface/rest/api/handler/user.go:98.2,99.15 2 0
typing-speed/internals/interface/rest/api/handler/user.go:99.15,103.3 2 0
typing-speed/internals/interface/rest/api/handler/user.go:104.2,110.4 2 0
typing-speed/internals/interface/rest/api/handler/user.go:114.54,128.16 6 0
typing-speed/internals/interface/rest/api/handler/user.go:128.16,131.3 2 0
typing-speed/internals/interface/rest/api/handler/user.go:133.2,133.17 1 0
typing-speed/internals/interface/rest/api/handler/user.go:133.17,135.3 1 0
typing-speed/internals/interface/rest/api/handler/user.go:137.2,137.78 1 0
typing-speed/internals/interface/rest/api/handler/user.go:139.55,151.16 5 0
typing-speed/internals/interface/rest/api/handler/user.go:151.16,154.3 2 0
typing-speed/internals/interface/rest/api/handler/user.go:156.2,156.17 1 0
typing-speed/internals/interface/rest/api/handler/user.go:156.17,158.3 1 0
typing-speed/internals/interface/rest/api/handler/user.go:160.2,160.82 1 0
typing-speed/internals/interface/rest/api/handler/user.go:163.59,175.16 5 0
typing-speed/internals/interface/rest/api/handler/user.go:175.16,178.3 2 0
typing-speed/internals/interface/rest/api/handler/user.go:180.2,180.17 1 0
typing-speed/internals/interface/rest/api/handler/user.go:180.17,182.3 1 0
typing-speed/internals/interface/rest/api/handler/user.go:184.2,184.78 1 0
typing-speed/pkg/logs/logs.go:13.49,15.2 1 0
typing-speed/pkg/logs/logs.go:31.32,33.57 2 0
typing-speed/pkg/logs/logs.go:33.57,36.3 2 0
typing-speed/pkg/logs/logs.go:38.2,40.16 3 0
typing-speed/pkg/logs/logs.go:40.16,43.3 2 0
typing-speed/pkg/logs/logs.go:44.2,49.16 4 0
typing-speed/pkg/logs/logs.go:49.16,52.3 2 0
typing-speed/pkg/logs/logs.go:54.2,54.58 1 0
typing-speed/pkg/logs/logs.go:54.58,56.3 1 0
typing-speed/pkg/middleware/middleware.go:16.52,17.30 1 0
typing-speed/pkg/middleware/middleware.go:17.30,20.47 2 0
typing-speed/pkg/middleware/middleware.go:20.47,24.4 3 0
typing-speed/pkg/middleware/middleware.go:26.3,29.99 3 0
typing-speed/pkg/middleware/middleware.go:29.99,31.4 1 0
typing-speed/pkg/middleware/middleware.go:33.3,33.33 1 0
typing-speed/pkg/middleware/middleware.go:33.33,37.4 3 0
typing-speed/pkg/middleware/middleware.go:39.3,42.11 3 0
typing-speed/middleware/middleware.go:20.39,21.30 1 0
typing-speed/middleware/middleware.go:21.30,24.24 2 0
typing-speed/middleware/middleware.go:24.24,28.4 3 0
typing-speed/middleware/middleware.go:30.3,30.107 1 0
typing-speed/middleware/middleware.go:30.107,32.4 1 0
typing-speed/middleware/middleware.go:33.3,33.17 1 0
typing-speed/middleware/middleware.go:33.17,37.4 3 0
typing-speed/middleware/middleware.go:39.3,40.26 2 0
typing-speed/middleware/middleware.go:40.26,44.4 3 0
typing-speed/middleware/middleware.go:46.3,48.11 2 0
typing-speed/internals/adapter/persistence/connect.go:14.37,26.16 3 0
typing-speed/internals/adapter/persistence/connect.go:26.16,28.3 1 0
typing-speed/internals/adapter/persistence/connect.go:30.2,36.16 6 0
typing-speed/internals/adapter/persistence/connect.go:36.16,38.3 1 0
typing-speed/internals/adapter/persistence/connect.go:39.2,40.16 2 0
typing-speed/internals/adapter/persistence/typing.go:15.58,19.2 1 1
typing-speed/internals/adapter/persistence/typing.go:21.97,46.16 3 1
typing-speed/internals/adapter/persistence/typing.go:46.16,48.3 1 1
typing-speed/internals/adapter/persistence/typing.go:50.2,50.12 1 1
typing-speed/internals/adapter/persistence/typing.go:53.124,58.17 3 1
typing-speed/internals/adapter/persistence/typing.go:58.17,66.3 1 1
typing-speed/internals/adapter/persistence/typing.go:66.8,75.3 1 1
typing-speed/internals/adapter/persistence/typing.go:77.2,78.16 2 1
typing-speed/internals/adapter/persistence/typing.go:78.16,80.3 1 0
typing-speed/internals/adapter/persistence/typing.go:81.2,85.18 3 1
typing-speed/internals/adapter/persistence/typing.go:85.18,95.17 2 1
typing-speed/internals/adapter/persistence/typing.go:95.17,97.4 1 0
typing-speed/internals/adapter/persistence/typing.go:98.3,98.36 1 1
typing-speed/internals/adapter/persistence/typing.go:101.2,101.35 1 1
typing-speed/internals/adapter/persistence/typing.go:101.35,103.3 1 0
typing-speed/internals/adapter/persistence/typing.go:105.2,105.21 1 1
typing-speed/internals/adapter/persistence/user.go:16.56,20.2 1 1
typing-speed/internals/adapter/persistence/user.go:22.100,48.16 4 1
typing-speed/internals/adapter/persistence/user.go:48.16,49.36 1 1
typing-speed/internals/adapter/persistence/user.go:49.36,51.4 1 1
typing-speed/internals/adapter/persistence/user.go:52.3,52.18 1 0
typing-speed/internals/adapter/persistence/user.go:55.2,55.18 1 1
typing-speed/internals/adapter/persistence/user.go:59.85,66.16 3 1
typing-speed/internals/adapter/persistence/user.go:66.16,68.3 1 1
typing-speed/internals/adapter/persistence/user.go:70.2,70.12 1 1
typing-speed/internals/adapter/persistence/user.go:73.133,87.16 3 1
typing-speed/internals/adapter/persistence/user.go:87.16,89.3 1 1
typing-speed/internals/adapter/persistence/user.go:91.2,91.12 1 1
typing-speed/internals/adapter/persistence/user.go:94.97,98.16 3 1
typing-speed/internals/adapter/persistence/user.go:98.16,100.3 1 0
typing-speed/internals/adapter/persistence/user.go:101.2,105.18 3 1
typing-speed/internals/adapter/persistence/user.go:105.18,107.60 2 1
typing-speed/internals/adapter/persistence/user.go:107.60,109.4 1 0
typing-speed/internals/adapter/persistence/user.go:110.3,110.37 1 1
typing-speed/internals/adapter/persistence/user.go:113.2,113.35 1 1
typing-speed/internals/adapter/persistence/user.go:113.35,115.3 1 0
typing-speed/internals/adapter/persistence/user.go:117.2,117.24 1 1
typing-speed/internals/adapter/persistence/user.go:120.84,130.16 3 1
typing-speed/internals/adapter/persistence/user.go:130.16,132.3 1 0
typing-speed/internals/adapter/persistence/user.go:133.2,137.18 3 1
typing-speed/internals/adapter/persistence/user.go:137.18,155.17 3 1
typing-speed/internals/adapter/persistence/user.go:155.17,157.4 1 0
typing-speed/internals/adapter/persistence/user.go:159.3,159.27 1 1
typing-speed/internals/adapter/persistence/user.go:163.2,163.35 1 1
typing-speed/internals/adapter/persistence/user.go:163.35,165.3 1 0
typing-speed/internals/adapter/persistence/user.go:167.2,167.19 1 1
typing-speed/internals/adapter/persistence/user.go:170.103,184.19 6 1
typing-speed/internals/adapter/persistence/user.go:184.19,186.6 1 1
typing-speed/internals/adapter/persistence/user.go:188.5,194.21 2 1
typing-speed/internals/usecase/typing/typing.go:20.123,26.2 1 0
typing-speed/internals/usecase/typing/typing.go:28.107,33.16 3 1
typing-speed/internals/usecase/typing/typing.go:33.16,35.3 1 1
typing-speed/internals/usecase/typing/typing.go:39.2,40.16 2 1
typing-speed/internals/usecase/typing/typing.go:40.16,43.3 1 1
typing-speed/internals/usecase/typing/typing.go:44.2,45.26 2 1
typing-speed/internals/usecase/typing/typing.go:45.26,47.3 1 0
typing-speed/internals/usecase/typing/typing.go:47.8,49.3 1 1
typing-speed/internals/usecase/typing/typing.go:50.2,52.38 3 1
typing-speed/internals/usecase/typing/typing.go:52.38,54.3 1 0
typing-speed/internals/usecase/typing/typing.go:55.2,62.16 5 1
typing-speed/internals/usecase/typing/typing.go:62.16,64.3 1 1
typing-speed/internals/usecase/typing/typing.go:66.2,66.12 1 1
typing-speed/internals/usecase/typing/typing.go:69.129,72.17 3 1
typing-speed/internals/usecase/typing/typing.go:72.17,74.17 2 1
typing-speed/internals/usecase/typing/typing.go:74.17,76.4 1 1
typing-speed/internals/usecase/typing/typing.go:78.2,80.16 3 1
typing-speed/internals/usecase/typing/typing.go:80.16,82.3 1 1
typing-speed/internals/usecase/typing/typing.go:83.2,83.18 1 1
typing-speed/internals/usecase/typing/typing.go:86.76,92.28 5 1
typing-speed/internals/usecase/typing/typing.go:92.28,96.3 2 1
typing-speed/internals/usecase/typing/typing.go:97.2,97.21 1 1
typing-speed/internals/usecase/user/user.go:18.89,23.2 1 1
typing-speed/internals/usecase/user/user.go:26.88,29.76 2 1
typing-speed/internals/usecase/user/user.go:29.76,31.3 1 1
typing-speed/internals/usecase/user/user.go:33.2,34.16 2 1
typing-speed/internals/usecase/user/user.go:34.16,36.3 1 1
typing-speed/internals/usecase/user/user.go:37.2,37.17 1 1
typing-speed/internals/usecase/user/user.go:37.17,39.3 1 1
typing-speed/internals/usecase/user/user.go:41.2,42.16 2 1
typing-speed/internals/usecase/user/user.go:42.16,44.3 1 0
typing-speed/internals/usecase/user/user.go:45.2,48.16 3 1
typing-speed/internals/usecase/user/user.go:48.16,50.3 1 1
typing-speed/internals/usecase/user/user.go:54.2,54.12 1 1
typing-speed/internals/usecase/user/user.go:58.113,60.53 1 1
typing-speed/internals/usecase/user/user.go:60.53,62.3 1 1
typing-speed/internals/usecase/user/user.go:64.2,65.16 2 1
typing-speed/internals/usecase/user/user.go:65.16,67.3 1 1
typing-speed/internals/usecase/user/user.go:69.2,69.17 1 1
typing-speed/internals/usecase/user/user.go:69.17,71.3 1 1
typing-speed/internals/usecase/user/user.go:73.2,73.78 1 1
typing-speed/internals/usecase/user/user.go:73.78,75.3 1 0
typing-speed/internals/usecase/user/user.go:77.2,78.16 2 1
typing-speed/internals/usecase/user/user.go:78.16,80.3 1 0
typing-speed/internals/usecase/user/user.go:82.2,83.16 2 1
typing-speed/internals/usecase/user/user.go:83.16,85.3 1 0
typing-speed/internals/usecase/user/user.go:97.2,103.27 2 1
typing-speed/internals/usecase/user/user.go:107.106,110.86 2 1
typing-speed/internals/usecase/user/user.go:110.86,111.54 1 1
typing-speed/internals/usecase/user/user.go:111.54,113.4 1 0
typing-speed/internals/usecase/user/user.go:114.3,114.34 1 1
typing-speed/internals/usecase/user/user.go:117.2,117.16 1 1
typing-speed/internals/usecase/user/user.go:117.16,119.3 1 1
typing-speed/internals/usecase/user/user.go:121.2,122.16 2 0
typing-speed/internals/usecase/user/user.go:122.16,124.3 1 0
typing-speed/internals/usecase/user/user.go:126.2,127.16 2 0
typing-speed/internals/usecase/user/user.go:127.16,129.3 1 0
typing-speed/internals/usecase/user/user.go:131.2,131.42 1 0
typing-speed/internals/usecase/user/user.go:134.94,136.16 2 1
typing-speed/internals/usecase/user/user.go:136.16,138.3 1 1
typing-speed/internals/usecase/user/user.go:139.2,139.22 1 1
typing-speed/internals/usecase/user/user.go:143.91,145.16 2 1
typing-speed/internals/usecase/user/user.go:145.16,148.3 1 1
typing-speed/internals/usecase/user/user.go:149.2,149.18 1 1
typing-speed/internals/usecase/user/user.go:152.97,154.16 2 1
typing-speed/internals/usecase/user/user.go:154.16,156.3 1 1
typing-speed/internals/usecase/user/user.go:158.2,159.16 2 1
typing-speed/internals/usecase/user/user.go:159.16,161.3 1 1
typing-speed/internals/usecase/user/user.go:163.2,167.22 4 1
